android/app/build/intermediates/manifest_merge_blame_file/developmentRelease/manifest-merger-blame-development-release-report.txt
1<?xml version="1.0" encoding="utf-8"?>
2<manifest xmlns:android="http://schemas.android.com/apk/res/android"
3    package="com.example.taif"
4    android:versionCode="1"
5    android:versionName="1.0-dev" >
6
7    <uses-sdk
8        android:minSdkVersion="23"
9        android:targetSdkVersion="34" />
10    <!--
11         Required to query activities that can process text, see:
12         https://developer.android.com/training/package-visibility and
13         https://developer.android.com/reference/android/content/Intent#ACTION_PROCESS_TEXT.
14
15         In particular, this is used by the Flutter engine in io.flutter.plugin.text.ProcessTextPlugin.
16    -->
17    <queries>
17-->src/main/AndroidManifest.xml:39:5-53:15
18        <intent>
18-->src/main/AndroidManifest.xml:40:9-43:18
19            <action android:name="android.intent.action.PROCESS_TEXT" />
19-->src/main/AndroidManifest.xml:41:13-72
19-->src/main/AndroidManifest.xml:41:21-70
20
21            <data android:mimeType="text/plain" />
21-->src/main/AndroidManifest.xml:42:13-50
21-->src/main/AndroidManifest.xml:42:19-48
22        </intent>
23        <!-- Added for email sending functionality -->
24        <intent>
24-->src/main/AndroidManifest.xml:45:9-48:18
25            <action android:name="android.intent.action.SENDTO" />
25-->src/main/AndroidManifest.xml:46:13-67
25-->src/main/AndroidManifest.xml:46:21-64
26
27            <data android:scheme="mailto" />
27-->src/main/AndroidManifest.xml:42:13-50
27-->src/main/AndroidManifest.xml:47:19-42
28        </intent>
29        <intent>
29-->src/main/AndroidManifest.xml:49:9-52:18
30            <action android:name="android.intent.action.SEND" />
30-->src/main/AndroidManifest.xml:50:13-65
30-->src/main/AndroidManifest.xml:50:21-62
31
32            <data android:mimeType="*/*" />
32-->src/main/AndroidManifest.xml:42:13-50
32-->src/main/AndroidManifest.xml:42:19-48
33        </intent>
34    </queries>
35    <!-- Although the *SdkVersion is captured in gradle build files, this is required for non gradle builds -->
36    <!-- <uses-sdk android:minSdkVersion="21" /> -->
37    <uses-permission android:name="android.permission.ACCESS_NETWORK_STATE" />
37-->[com.google.firebase:firebase-firestore:25.1.2] AndroidManifest.xml:10:5-79
37-->[com.google.firebase:firebase-firestore:25.1.2] AndroidManifest.xml:10:22-76
38    <uses-permission android:name="android.permission.INTERNET" />
38-->[com.google.firebase:firebase-firestore:25.1.2] AndroidManifest.xml:11:5-67
38-->[com.google.firebase:firebase-firestore:25.1.2] AndroidManifest.xml:11:22-64
39    <uses-permission android:name="android.permission.WAKE_LOCK" />
39-->[com.google.android.gms:play-services-measurement-api:22.2.0] AndroidManifest.xml:24:5-68
39-->[com.google.android.gms:play-services-measurement-api:22.2.0] AndroidManifest.xml:24:22-65
40    <uses-permission android:name="com.google.android.gms.permission.AD_ID" />
40-->[com.google.android.gms:play-services-measurement-api:22.2.0] AndroidManifest.xml:25:5-79
40-->[com.google.android.gms:play-services-measurement-api:22.2.0] AndroidManifest.xml:25:22-76
41    <uses-permission android:name="android.permission.ACCESS_ADSERVICES_ATTRIBUTION" />
41-->[com.google.android.gms:play-services-measurement-api:22.2.0] AndroidManifest.xml:26:5-88
41-->[com.google.android.gms:play-services-measurement-api:22.2.0] AndroidManifest.xml:26:22-85
42    <uses-permission android:name="android.permission.ACCESS_ADSERVICES_AD_ID" />
42-->[com.google.android.gms:play-services-measurement-api:22.2.0] AndroidManifest.xml:27:5-82
42-->[com.google.android.gms:play-services-measurement-api:22.2.0] AndroidManifest.xml:27:22-79
43    <uses-permission android:name="com.google.android.finsky.permission.BIND_GET_INSTALL_REFERRER_SERVICE" />
43-->[com.google.android.gms:play-services-measurement:22.2.0] AndroidManifest.xml:26:5-110
43-->[com.google.android.gms:play-services-measurement:22.2.0] AndroidManifest.xml:26:22-107
44    <uses-permission android:name="com.google.android.providers.gsf.permission.READ_GSERVICES" />
44-->[com.google.android.recaptcha:recaptcha:18.6.1] AndroidManifest.xml:9:5-98
44-->[com.google.android.recaptcha:recaptcha:18.6.1] AndroidManifest.xml:9:22-95
45
46    <permission
46-->[androidx.core:core:1.13.1] AndroidManifest.xml:22:5-24:47
47        android:name="com.example.taif.DYNAMIC_RECEIVER_NOT_EXPORTED_PERMISSION"
47-->[androidx.core:core:1.13.1] AndroidManifest.xml:23:9-81
48        android:protectionLevel="signature" />
48-->[androidx.core:core:1.13.1] AndroidManifest.xml:24:9-44
49
50    <uses-permission android:name="com.example.taif.DYNAMIC_RECEIVER_NOT_EXPORTED_PERMISSION" />
50-->[androidx.core:core:1.13.1] AndroidManifest.xml:26:5-97
50-->[androidx.core:core:1.13.1] AndroidManifest.xml:26:22-94
51
52    <application
53        android:name="android.app.Application"
53-->src/main/AndroidManifest.xml:4:9-42
54        android:appComponentFactory="androidx.core.app.CoreComponentFactory"
54-->[androidx.core:core:1.13.1] AndroidManifest.xml:28:18-86
55        android:extractNativeLibs="false"
56        android:icon="@mipmap/ic_launcher"
56-->src/main/AndroidManifest.xml:5:9-43
57        android:label="taif" >
57-->src/main/AndroidManifest.xml:3:9-29
58        <activity
58-->src/main/AndroidManifest.xml:6:9-27:20
59            android:name="com.example.taif.MainActivity"
59-->src/main/AndroidManifest.xml:7:13-41
60            android:configChanges="orientation|keyboardHidden|keyboard|screenSize|smallestScreenSize|locale|layoutDirection|fontScale|screenLayout|density|uiMode"
60-->src/main/AndroidManifest.xml:12:13-163
61            android:exported="true"
61-->src/main/AndroidManifest.xml:8:13-36
62            android:hardwareAccelerated="true"
62-->src/main/AndroidManifest.xml:13:13-47
63            android:launchMode="singleTop"
63-->src/main/AndroidManifest.xml:9:13-43
64            android:taskAffinity=""
64-->src/main/AndroidManifest.xml:10:13-36
65            android:theme="@style/LaunchTheme"
65-->src/main/AndroidManifest.xml:11:13-47
66            android:windowSoftInputMode="adjustResize" >
66-->src/main/AndroidManifest.xml:14:13-55
67
68            <!--
69                 Specifies an Android theme to apply to this Activity as soon as
70                 the Android process has started. This theme is visible to the user
71                 while the Flutter UI initializes. After that, this theme continues
72                 to determine the Window background behind the Flutter UI.
73            -->
74            <meta-data
74-->src/main/AndroidManifest.xml:19:13-22:19
75                android:name="io.flutter.embedding.android.NormalTheme"
75-->src/main/AndroidManifest.xml:20:17-72
76                android:resource="@style/NormalTheme" />
76-->src/main/AndroidManifest.xml:21:17-54
77
78            <intent-filter>
78-->src/main/AndroidManifest.xml:23:13-26:29
79                <action android:name="android.intent.action.MAIN" />
79-->src/main/AndroidManifest.xml:24:17-68
79-->src/main/AndroidManifest.xml:24:25-66
80
81                <category android:name="android.intent.category.LAUNCHER" />
81-->src/main/AndroidManifest.xml:25:17-76
81-->src/main/AndroidManifest.xml:25:27-74
82            </intent-filter>
83        </activity>
84        <!--
85             Don't delete the meta-data below.
86             This is used by the Flutter tool to generate GeneratedPluginRegistrant.java
87        -->
88        <meta-data
88-->src/main/AndroidManifest.xml:30:9-32:33
89            android:name="flutterEmbedding"
89-->src/main/AndroidManifest.xml:31:13-44
90            android:value="2" />
90-->src/main/AndroidManifest.xml:32:13-30
91        <!--
92           Declares a provider which allows us to store files to share in
93           '.../caches/share_plus' and grant the receiving action access
94        -->
95        <provider
95-->[:share_plus] AndroidManifest.xml:13:9-21:20
96            android:name="dev.fluttercommunity.plus.share.ShareFileProvider"
96-->[:share_plus] AndroidManifest.xml:14:13-77
97            android:authorities="com.example.taif.flutter.share_provider"
97-->[:share_plus] AndroidManifest.xml:15:13-74
98            android:exported="false"
98-->[:share_plus] AndroidManifest.xml:16:13-37
99            android:grantUriPermissions="true" >
99-->[:share_plus] AndroidManifest.xml:17:13-47
100            <meta-data
100-->[:share_plus] AndroidManifest.xml:18:13-20:68
101                android:name="android.support.FILE_PROVIDER_PATHS"
101-->[:share_plus] AndroidManifest.xml:19:17-67
102                android:resource="@xml/flutter_share_file_paths" />
102-->[:share_plus] AndroidManifest.xml:20:17-65
103        </provider>
104        <!--
105           This manifest declared broadcast receiver allows us to use an explicit
106           Intent when creating a PendingItent to be informed of the user's choice
107        -->
108        <receiver
108-->[:share_plus] AndroidManifest.xml:26:9-32:20
109            android:name="dev.fluttercommunity.plus.share.SharePlusPendingIntent"
109-->[:share_plus] AndroidManifest.xml:27:13-82
110            android:exported="false" >
110-->[:share_plus] AndroidManifest.xml:28:13-37
111            <intent-filter>
111-->[:share_plus] AndroidManifest.xml:29:13-31:29
112                <action android:name="EXTRA_CHOSEN_COMPONENT" />
112-->[:share_plus] AndroidManifest.xml:30:17-65
112-->[:share_plus] AndroidManifest.xml:30:25-62
113            </intent-filter>
114        </receiver>
115
116        <service
116-->[:cloud_firestore] AndroidManifest.xml:8:9-12:19
117            android:name="com.google.firebase.components.ComponentDiscoveryService"
117-->[:cloud_firestore] AndroidManifest.xml:8:18-89
118            android:directBootAware="true"
118-->[com.google.firebase:firebase-common:21.0.0] AndroidManifest.xml:32:13-43
119            android:exported="false" >
119-->[com.google.firebase:firebase-firestore:25.1.2] AndroidManifest.xml:16:13-37
120            <meta-data
120-->[:cloud_firestore] AndroidManifest.xml:9:13-11:85
121                android:name="com.google.firebase.components:io.flutter.plugins.firebase.firestore.FlutterFirebaseFirestoreRegistrar"
121-->[:cloud_firestore] AndroidManifest.xml:10:17-134
122                android:value="com.google.firebase.components.ComponentRegistrar" />
122-->[:cloud_firestore] AndroidManifest.xml:11:17-82
123            <meta-data
123-->[:firebase_auth] AndroidManifest.xml:9:13-11:85
124                android:name="com.google.firebase.components:io.flutter.plugins.firebase.auth.FlutterFirebaseAuthRegistrar"
124-->[:firebase_auth] AndroidManifest.xml:10:17-124
125                android:value="com.google.firebase.components.ComponentRegistrar" />
125-->[:firebase_auth] AndroidManifest.xml:11:17-82
126            <meta-data
126-->[:firebase_core] AndroidManifest.xml:9:13-11:85
127                android:name="com.google.firebase.components:io.flutter.plugins.firebase.core.FlutterFirebaseCoreRegistrar"
127-->[:firebase_core] AndroidManifest.xml:10:17-124
128                android:value="com.google.firebase.components.ComponentRegistrar" />
128-->[:firebase_core] AndroidManifest.xml:11:17-82
129            <meta-data
129-->[com.google.firebase:firebase-firestore:25.1.2] AndroidManifest.xml:17:13-19:85
130                android:name="com.google.firebase.components:com.google.firebase.firestore.FirebaseFirestoreKtxRegistrar"
130-->[com.google.firebase:firebase-firestore:25.1.2] AndroidManifest.xml:18:17-122
131                android:value="com.google.firebase.components.ComponentRegistrar" />
131-->[com.google.firebase:firebase-firestore:25.1.2] AndroidManifest.xml:19:17-82
132            <meta-data
132-->[com.google.firebase:firebase-firestore:25.1.2] AndroidManifest.xml:20:13-22:85
133                android:name="com.google.firebase.components:com.google.firebase.firestore.FirestoreRegistrar"
133-->[com.google.firebase:firebase-firestore:25.1.2] AndroidManifest.xml:21:17-111
134                android:value="com.google.firebase.components.ComponentRegistrar" />
134-->[com.google.firebase:firebase-firestore:25.1.2] AndroidManifest.xml:22:17-82
135            <meta-data
135-->[com.google.firebase:firebase-auth:23.2.0] AndroidManifest.xml:69:13-71:85
136                android:name="com.google.firebase.components:com.google.firebase.auth.FirebaseAuthRegistrar"
136-->[com.google.firebase:firebase-auth:23.2.0] AndroidManifest.xml:70:17-109
137                android:value="com.google.firebase.components.ComponentRegistrar" />
137-->[com.google.firebase:firebase-auth:23.2.0] AndroidManifest.xml:71:17-82
138            <meta-data
138-->[com.google.android.gms:play-services-measurement-api:22.2.0] AndroidManifest.xml:33:13-35:85
139                android:name="com.google.firebase.components:com.google.firebase.analytics.connector.internal.AnalyticsConnectorRegistrar"
139-->[com.google.android.gms:play-services-measurement-api:22.2.0] AndroidManifest.xml:34:17-139
140                android:value="com.google.firebase.components.ComponentRegistrar" />
140-->[com.google.android.gms:play-services-measurement-api:22.2.0] AndroidManifest.xml:35:17-82
141            <meta-data
141-->[com.google.firebase:firebase-installations:18.0.0] AndroidManifest.xml:15:13-17:85
142                android:name="com.google.firebase.components:com.google.firebase.installations.FirebaseInstallationsKtxRegistrar"
142-->[com.google.firebase:firebase-installations:18.0.0] AndroidManifest.xml:16:17-130
143                android:value="com.google.firebase.components.ComponentRegistrar" />
143-->[com.google.firebase:firebase-installations:18.0.0] AndroidManifest.xml:17:17-82
144            <meta-data
144-->[com.google.firebase:firebase-installations:18.0.0] AndroidManifest.xml:18:13-20:85
145                android:name="com.google.firebase.components:com.google.firebase.installations.FirebaseInstallationsRegistrar"
145-->[com.google.firebase:firebase-installations:18.0.0] AndroidManifest.xml:19:17-127
146                android:value="com.google.firebase.components.ComponentRegistrar" />
146-->[com.google.firebase:firebase-installations:18.0.0] AndroidManifest.xml:20:17-82
147            <meta-data
147-->[com.google.firebase:firebase-common-ktx:21.0.0] AndroidManifest.xml:12:13-14:85
148                android:name="com.google.firebase.components:com.google.firebase.ktx.FirebaseCommonLegacyRegistrar"
148-->[com.google.firebase:firebase-common-ktx:21.0.0] AndroidManifest.xml:13:17-116
149                android:value="com.google.firebase.components.ComponentRegistrar" />
149-->[com.google.firebase:firebase-common-ktx:21.0.0] AndroidManifest.xml:14:17-82
150            <meta-data
150-->[com.google.firebase:firebase-common:21.0.0] AndroidManifest.xml:35:13-37:85
151                android:name="com.google.firebase.components:com.google.firebase.FirebaseCommonKtxRegistrar"
151-->[com.google.firebase:firebase-common:21.0.0] AndroidManifest.xml:36:17-109
152                android:value="com.google.firebase.components.ComponentRegistrar" />
152-->[com.google.firebase:firebase-common:21.0.0] AndroidManifest.xml:37:17-82
153        </service>
154
155        <activity
155-->[com.google.firebase:firebase-auth:23.2.0] AndroidManifest.xml:29:9-46:20
156            android:name="com.google.firebase.auth.internal.GenericIdpActivity"
156-->[com.google.firebase:firebase-auth:23.2.0] AndroidManifest.xml:30:13-80
157            android:excludeFromRecents="true"
157-->[com.google.firebase:firebase-auth:23.2.0] AndroidManifest.xml:31:13-46
158            android:exported="true"
158-->[com.google.firebase:firebase-auth:23.2.0] AndroidManifest.xml:32:13-36
159            android:launchMode="singleTask"
159-->[com.google.firebase:firebase-auth:23.2.0] AndroidManifest.xml:33:13-44
160            android:theme="@android:style/Theme.Translucent.NoTitleBar" >
160-->[com.google.firebase:firebase-auth:23.2.0] AndroidManifest.xml:34:13-72
161            <intent-filter>
161-->[com.google.firebase:firebase-auth:23.2.0] AndroidManifest.xml:35:13-45:29
162                <action android:name="android.intent.action.VIEW" />
162-->[com.google.firebase:firebase-auth:23.2.0] AndroidManifest.xml:36:17-69
162-->[com.google.firebase:firebase-auth:23.2.0] AndroidManifest.xml:36:25-66
163
164                <category android:name="android.intent.category.DEFAULT" />
164-->[com.google.firebase:firebase-auth:23.2.0] AndroidManifest.xml:38:17-76
164-->[com.google.firebase:firebase-auth:23.2.0] AndroidManifest.xml:38:27-73
165                <category android:name="android.intent.category.BROWSABLE" />
165-->[com.google.firebase:firebase-auth:23.2.0] AndroidManifest.xml:39:17-78
165-->[com.google.firebase:firebase-auth:23.2.0] AndroidManifest.xml:39:27-75
166
167                <data
167-->src/main/AndroidManifest.xml:42:13-50
168                    android:host="firebase.auth"
169                    android:path="/"
170                    android:scheme="genericidp" />
170-->src/main/AndroidManifest.xml:47:19-42
171            </intent-filter>
172        </activity>
173        <activity
173-->[com.google.firebase:firebase-auth:23.2.0] AndroidManifest.xml:47:9-64:20
174            android:name="com.google.firebase.auth.internal.RecaptchaActivity"
174-->[com.google.firebase:firebase-auth:23.2.0] AndroidManifest.xml:48:13-79
175            android:excludeFromRecents="true"
175-->[com.google.firebase:firebase-auth:23.2.0] AndroidManifest.xml:49:13-46
176            android:exported="true"
176-->[com.google.firebase:firebase-auth:23.2.0] AndroidManifest.xml:50:13-36
177            android:launchMode="singleTask"
177-->[com.google.firebase:firebase-auth:23.2.0] AndroidManifest.xml:51:13-44
178            android:theme="@android:style/Theme.Translucent.NoTitleBar" >
178-->[com.google.firebase:firebase-auth:23.2.0] AndroidManifest.xml:52:13-72
179            <intent-filter>
179-->[com.google.firebase:firebase-auth:23.2.0] AndroidManifest.xml:53:13-63:29
180                <action android:name="android.intent.action.VIEW" />
180-->[com.google.firebase:firebase-auth:23.2.0] AndroidManifest.xml:36:17-69
180-->[com.google.firebase:firebase-auth:23.2.0] AndroidManifest.xml:36:25-66
181
182                <category android:name="android.intent.category.DEFAULT" />
182-->[com.google.firebase:firebase-auth:23.2.0] AndroidManifest.xml:38:17-76
182-->[com.google.firebase:firebase-auth:23.2.0] AndroidManifest.xml:38:27-73
183                <category android:name="android.intent.category.BROWSABLE" />
183-->[com.google.firebase:firebase-auth:23.2.0] AndroidManifest.xml:39:17-78
183-->[com.google.firebase:firebase-auth:23.2.0] AndroidManifest.xml:39:27-75
184
185                <data
185-->src/main/AndroidManifest.xml:42:13-50
186                    android:host="firebase.auth"
187                    android:path="/"
188                    android:scheme="recaptcha" />
188-->src/main/AndroidManifest.xml:47:19-42
189            </intent-filter>
190        </activity>
191
192        <provider
192-->[com.google.firebase:firebase-common:21.0.0] AndroidManifest.xml:23:9-28:39
193            android:name="com.google.firebase.provider.FirebaseInitProvider"
193-->[com.google.firebase:firebase-common:21.0.0] AndroidManifest.xml:24:13-77
194            android:authorities="com.example.taif.firebaseinitprovider"
194-->[com.google.firebase:firebase-common:21.0.0] AndroidManifest.xml:25:13-72
195            android:directBootAware="true"
195-->[com.google.firebase:firebase-common:21.0.0] AndroidManifest.xml:26:13-43
196            android:exported="false"
196-->[com.google.firebase:firebase-common:21.0.0] AndroidManifest.xml:27:13-37
197            android:initOrder="100" />
197-->[com.google.firebase:firebase-common:21.0.0] AndroidManifest.xml:28:13-36
198        <provider
198-->[:flutter_email_sender] AndroidManifest.xml:8:9-16:20
199            android:name="com.sidlatau.flutteremailsender.FlutterEmailSenderFileProvider"
199-->[:flutter_email_sender] AndroidManifest.xml:9:13-90
200            android:authorities="com.example.taif.file_provider"
200-->[:flutter_email_sender] AndroidManifest.xml:10:13-65
201            android:exported="false"
201-->[:flutter_email_sender] AndroidManifest.xml:11:13-37
202            android:grantUriPermissions="true" >
202-->[:flutter_email_sender] AndroidManifest.xml:12:13-47
203            <meta-data
203-->[:share_plus] AndroidManifest.xml:18:13-20:68
204                android:name="android.support.FILE_PROVIDER_PATHS"
204-->[:share_plus] AndroidManifest.xml:19:17-67
205                android:resource="@xml/shared_file_paths" />
205-->[:share_plus] AndroidManifest.xml:20:17-65
206        </provider>
207
208        <activity
208-->[:url_launcher_android] AndroidManifest.xml:8:9-11:74
209            android:name="io.flutter.plugins.urllauncher.WebViewActivity"
209-->[:url_launcher_android] AndroidManifest.xml:9:13-74
210            android:exported="false"
210-->[:url_launcher_android] AndroidManifest.xml:10:13-37
211            android:theme="@android:style/Theme.NoTitleBar.Fullscreen" />
211-->[:url_launcher_android] AndroidManifest.xml:11:13-71
212
213        <uses-library
213-->[androidx.window:window:1.2.0] AndroidManifest.xml:23:9-25:40
214            android:name="androidx.window.extensions"
214-->[androidx.window:window:1.2.0] AndroidManifest.xml:24:13-54
215            android:required="false" />
215-->[androidx.window:window:1.2.0] AndroidManifest.xml:25:13-37
216        <uses-library
216-->[androidx.window:window:1.2.0] AndroidManifest.xml:26:9-28:40
217            android:name="androidx.window.sidecar"
217-->[androidx.window:window:1.2.0] AndroidManifest.xml:27:13-51
218            android:required="false" />
218-->[androidx.window:window:1.2.0] AndroidManifest.xml:28:13-37
219
220        <provider
220-->[androidx.emoji2:emoji2:1.2.0] AndroidManifest.xml:24:9-32:20
221            android:name="androidx.startup.InitializationProvider"
221-->[androidx.emoji2:emoji2:1.2.0] AndroidManifest.xml:25:13-67
222            android:authorities="com.example.taif.androidx-startup"
222-->[androidx.emoji2:emoji2:1.2.0] AndroidManifest.xml:26:13-68
223            android:exported="false" >
223-->[androidx.emoji2:emoji2:1.2.0] AndroidManifest.xml:27:13-37
224            <meta-data
224-->[androidx.emoji2:emoji2:1.2.0] AndroidManifest.xml:29:13-31:52
225                android:name="androidx.emoji2.text.EmojiCompatInitializer"
225-->[androidx.emoji2:emoji2:1.2.0] AndroidManifest.xml:30:17-75
226                android:value="androidx.startup" />
226-->[androidx.emoji2:emoji2:1.2.0] AndroidManifest.xml:31:17-49
227            <meta-data
227-->[androidx.lifecycle:lifecycle-process:2.7.0] AndroidManifest.xml:29:13-31:52
228                android:name="androidx.lifecycle.ProcessLifecycleInitializer"
228-->[androidx.lifecycle:lifecycle-process:2.7.0] AndroidManifest.xml:30:17-78
229                android:value="androidx.startup" />
229-->[androidx.lifecycle:lifecycle-process:2.7.0] AndroidManifest.xml:31:17-49
230            <meta-data
230-->[androidx.profileinstaller:profileinstaller:1.3.1] AndroidManifest.xml:29:13-31:52
231                android:name="androidx.profileinstaller.ProfileInstallerInitializer"
231-->[androidx.profileinstaller:profileinstaller:1.3.1] AndroidManifest.xml:30:17-85
232                android:value="androidx.startup" />
232-->[androidx.profileinstaller:profileinstaller:1.3.1] AndroidManifest.xml:31:17-49
233        </provider>
234
235        <receiver
235-->[com.google.android.gms:play-services-measurement:22.2.0] AndroidManifest.xml:29:9-33:20
236            android:name="com.google.android.gms.measurement.AppMeasurementReceiver"
236-->[com.google.android.gms:play-services-measurement:22.2.0] AndroidManifest.xml:30:13-85
237            android:enabled="true"
237-->[com.google.android.gms:play-services-measurement:22.2.0] AndroidManifest.xml:31:13-35
238            android:exported="false" >
238-->[com.google.android.gms:play-services-measurement:22.2.0] AndroidManifest.xml:32:13-37
239        </receiver>
240
241        <service
241-->[com.google.android.gms:play-services-measurement:22.2.0] AndroidManifest.xml:35:9-38:40
242            android:name="com.google.android.gms.measurement.AppMeasurementService"
242-->[com.google.android.gms:play-services-measurement:22.2.0] AndroidManifest.xml:36:13-84
243            android:enabled="true"
243-->[com.google.android.gms:play-services-measurement:22.2.0] AndroidManifest.xml:37:13-35
244            android:exported="false" />
244-->[com.google.android.gms:play-services-measurement:22.2.0] AndroidManifest.xml:38:13-37
245        <service
245-->[com.google.android.gms:play-services-measurement:22.2.0] AndroidManifest.xml:39:9-43:72
246            android:name="com.google.android.gms.measurement.AppMeasurementJobService"
246-->[com.google.android.gms:play-services-measurement:22.2.0] AndroidManifest.xml:40:13-87
247            android:enabled="true"
247-->[com.google.android.gms:play-services-measurement:22.2.0] AndroidManifest.xml:41:13-35
248            android:exported="false"
248-->[com.google.android.gms:play-services-measurement:22.2.0] AndroidManifest.xml:42:13-37
249            android:permission="android.permission.BIND_JOB_SERVICE" />
249-->[com.google.android.gms:play-services-measurement:22.2.0] AndroidManifest.xml:43:13-69
250        <service
250-->[androidx.credentials:credentials-play-services-auth:1.2.0-rc01] AndroidManifest.xml:24:9-32:19
251            android:name="androidx.credentials.playservices.CredentialProviderMetadataHolder"
251-->[androidx.credentials:credentials-play-services-auth:1.2.0-rc01] AndroidManifest.xml:25:13-94
252            android:enabled="true"
252-->[androidx.credentials:credentials-play-services-auth:1.2.0-rc01] AndroidManifest.xml:26:13-35
253            android:exported="false" >
253-->[androidx.credentials:credentials-play-services-auth:1.2.0-rc01] AndroidManifest.xml:27:13-37
254            <meta-data
254-->[androidx.credentials:credentials-play-services-auth:1.2.0-rc01] AndroidManifest.xml:29:13-31:104
255                android:name="androidx.credentials.CREDENTIAL_PROVIDER_KEY"
255-->[androidx.credentials:credentials-play-services-auth:1.2.0-rc01] AndroidManifest.xml:30:17-76
256                android:value="androidx.credentials.playservices.CredentialProviderPlayServicesImpl" />
256-->[androidx.credentials:credentials-play-services-auth:1.2.0-rc01] AndroidManifest.xml:31:17-101
257        </service>
258
259        <activity
259-->[androidx.credentials:credentials-play-services-auth:1.2.0-rc01] AndroidManifest.xml:34:9-41:20
260            android:name="androidx.credentials.playservices.HiddenActivity"
260-->[androidx.credentials:credentials-play-services-auth:1.2.0-rc01] AndroidManifest.xml:35:13-76
261            android:configChanges="orientation|screenSize|screenLayout|keyboardHidden"
261-->[androidx.credentials:credentials-play-services-auth:1.2.0-rc01] AndroidManifest.xml:36:13-87
262            android:enabled="true"
262-->[androidx.credentials:credentials-play-services-auth:1.2.0-rc01] AndroidManifest.xml:37:13-35
263            android:exported="false"
263-->[androidx.credentials:credentials-play-services-auth:1.2.0-rc01] AndroidManifest.xml:38:13-37
264            android:fitsSystemWindows="true"
264-->[androidx.credentials:credentials-play-services-auth:1.2.0-rc01] AndroidManifest.xml:39:13-45
265            android:theme="@style/Theme.Hidden" >
265-->[androidx.credentials:credentials-play-services-auth:1.2.0-rc01] AndroidManifest.xml:40:13-48
266        </activity>
267        <activity
267-->[com.google.android.gms:play-services-auth:20.7.0] AndroidManifest.xml:23:9-27:75
268            android:name="com.google.android.gms.auth.api.signin.internal.SignInHubActivity"
268-->[com.google.android.gms:play-services-auth:20.7.0] AndroidManifest.xml:24:13-93
269            android:excludeFromRecents="true"
269-->[com.google.android.gms:play-services-auth:20.7.0] AndroidManifest.xml:25:13-46
270            android:exported="false"
270-->[com.google.android.gms:play-services-auth:20.7.0] AndroidManifest.xml:26:13-37
271            android:theme="@android:style/Theme.Translucent.NoTitleBar" />
271-->[com.google.android.gms:play-services-auth:20.7.0] AndroidManifest.xml:27:13-72
272        <!--
273            Service handling Google Sign-In user revocation. For apps that do not integrate with
274            Google Sign-In, this service will never be started.
275        -->
276        <service
276-->[com.google.android.gms:play-services-auth:20.7.0] AndroidManifest.xml:33:9-37:51
277            android:name="com.google.android.gms.auth.api.signin.RevocationBoundService"
277-->[com.google.android.gms:play-services-auth:20.7.0] AndroidManifest.xml:34:13-89
278            android:exported="true"
278-->[com.google.android.gms:play-services-auth:20.7.0] AndroidManifest.xml:35:13-36
279            android:permission="com.google.android.gms.auth.api.signin.permission.REVOCATION_NOTIFICATION"
279-->[com.google.android.gms:play-services-auth:20.7.0] AndroidManifest.xml:36:13-107
280            android:visibleToInstantApps="true" />
280-->[com.google.android.gms:play-services-auth:20.7.0] AndroidManifest.xml:37:13-48
281
282        <activity
282-->[com.google.android.gms:play-services-base:18.5.0] AndroidManifest.xml:5:9-173
283            android:name="com.google.android.gms.common.api.GoogleApiActivity"
283-->[com.google.android.gms:play-services-base:18.5.0] AndroidManifest.xml:5:19-85
284            android:exported="false"
284-->[com.google.android.gms:play-services-base:18.5.0] AndroidManifest.xml:5:146-170
285            android:theme="@android:style/Theme.Translucent.NoTitleBar" />
285-->[com.google.android.gms:play-services-base:18.5.0] AndroidManifest.xml:5:86-145
286
287        <uses-library
287-->[androidx.privacysandbox.ads:ads-adservices:1.0.0-beta05] AndroidManifest.xml:23:9-25:40